/create/order 0.10
/create/order 2.88
/query/order/info 1.55
/service/pricing 0.45
/hello/user 1.99
/hello/user 2.57
/query/order/info 1.12
/query/order/info 1.85
/hello/user 0.46
/query/order/info 0.32
/user/info 0.73
/create/order 0.26
/user/info 1.68
/service/pricing 0.58
/create/order 0.10
/create/order 1.34
/hello/user 1.26
/hello/user 0.72
/create/order 0.93
/service/pricing 2.18
/hello/user 1.19
/service/pricing 1.47
/query/order/info 1.51
/query/order/info 0.14
/query/order/info 2.00
/user/info 0.87
/user/info 0.04
/create/order 0.60
/user/info 1.19
/hello/user 0.95
/query/order/info 2.45
/hello/user 0.46
/create/order 1.79
/query/order/info 1.84
/hello/user 1.99
/service/pricing 2.04
/hello/user 1.41
/query/order/info 2.30
/create/order 2.54
/query/order/info 0.69
/query/order/info 0.78
/user/info 1.55
/create/order 0.34
/query/order/info 1.40
/service/pricing 0.01
/hello/user 2.00
/user/info 0.07
/query/order/info 1.77
/service/pricing 2.65
/create/order 0.03
/user/info 0.77
/user/info 2.85
/create/order 0.79
/create/order 1.85
/hello/user 1.25
/create/order 2.79
/service/pricing 2.73
/user/info 1.41
/query/order/info 1.22
/query/order/info 1.78
/hello/user 0.95
/service/pricing 2.96
/service/pricing 2.88
/hello/user 2.29
/create/order 1.62
/hello/user 1.80
/user/info 1.91
/create/order 2.68
/service/pricing 0.27
/create/order 0.29
/query/order/info 1.34
/hello/user 2.38
/create/order 1.87
/query/order/info 0.32
/user/info 0.19
/service/pricing 2.44
/hello/user 0.84
/user/info 2.05
/create/order 2.39
/create/order 1.77
/user/info 1.65
/hello/user 2.52
/service/pricing 2.41
/hello/user 1.77
/hello/user 1.37
/query/order/info 2.44
/user/info 2.65
/user/info 1.55
/query/order/info 0.60
/query/order/info 1.60
/user/info 1.47
/service/pricing 1.32
/hello/user 1.47
/query/order/info 1.29
/service/pricing 0.16
/create/order 0.12
/create/order 1.75
/hello/user 2.18
/query/order/info 2.42
/user/info 0.42
/service/pricing 1.10
/hello/user 2.54
/service/pricing 1.44
/service/pricing 0.03
/query/order/info 2.41
/hello/user 1.47
/user/info 0.20
/create/order 1.82
/query/order/info 2.23
/service/pricing 0.35
/user/info 1.09
/user/info 2.17
/service/pricing 1.49
/create/order 1.65
/query/order/info 2.64
/user/info 1.44
/hello/user 1.17
/service/pricing 0.83
/service/pricing 0.63
/query/order/info 2.24
/create/order 0.46
/hello/user 0.89
/service/pricing 1.44
/hello/user 0.13
/user/info 0.22
/service/pricing 1.87
/hello/user 2.85
/hello/user 2.27
/hello/user 1.96
/user/info 2.33
/service/pricing 2.77
/query/order/info 1.42
/hello/user 2.44
/service/pricing 1.42
/create/order 0.95
/hello/user 0.39
/user/info 2.25
/create/order 1.60
/create/order 2.29
/query/order/info 0.24
/query/order/info 1.94
/query/order/info 2.41
/hello/user 0.05
/query/order/info 2.03
/query/order/info 1.12
/hello/user 2.84
/user/info 1.82
/user/info 0.00
/hello/user 2.50
/user/info 1.87
/service/pricing 1.97
/hello/user 0.92
/service/pricing 2.80
/service/pricing 1.78
/hello/user 1.34
/hello/user 0.73
/query/order/info 1.81
/service/pricing 2.73
/query/order/info 2.00
/create/order 0.23
/service/pricing 2.70
/query/order/info 0.08
/query/order/info 2.01
/service/pricing 1.86
/service/pricing 1.36
/user/info 1.06
/query/order/info 1.21
/user/info 2.85
/hello/user 0.35
/create/order 0.16
/hello/user 0.82
/query/order/info 1.30
/query/order/info 2.59
/hello/user 2.32
/query/order/info 0.84
/user/info 1.24
/hello/user 0.61
/service/pricing 2.83
/hello/user 1.17
/service/pricing 1.36
/service/pricing 0.97
/query/order/info 2.75
/create/order 1.09
/query/order/info 1.62
/user/info 2.04
/service/pricing 1.65
/hello/user 0.30
/hello/user 2.09
/query/order/info 0.47
/hello/user 0.63
/user/info 0.86
/query/order/info 1.61
/query/order/info 2.35
/create/order 1.82
/user/info 0.00
/query/order/info 2.39
/user/info 2.56
/hello/user 0.63
/hello/user 1.19
/query/order/info 2.05
/service/pricing 0.86
/query/order/info 0.42
/hello/user 2.58
/hello/user 1.13
/hello/user 0.23
/query/order/info 1.59
/service/pricing 0.55
/create/order 2.67
/create/order 1.12
/user/info 1.60
/create/order 1.00
/create/order 0.22
/hello/user 2.33
/hello/user 1.93
/create/order 0.65
/query/order/info 2.24
/create/order 1.93
/query/order/info 1.85
/create/order 1.81
/hello/user 1.12
/user/info 1.46
/create/order 0.78
/hello/user 2.47
/query/order/info 2.33
/hello/user 2.19
/user/info 0.15
/query/order/info 0.17
/service/pricing 1.77
/user/info 2.91
/hello/user 1.92
/query/order/info 1.13
/hello/user 1.17
/user/info 1.42
/create/order 2.91
/user/info 2.85
/service/pricing 1.49
/create/order 2.89
/user/info 2.88
/service/pricing 1.34
/hello/user 0.83
/service/pricing 1.70
/user/info 0.62
/hello/user 2.58
/service/pricing 2.55
/hello/user 2.10
/hello/user 0.08
/hello/user 2.90
/hello/user 0.98
/create/order 1.87
/query/order/info 1.67
/create/order 0.30
/hello/user 2.04
/create/order 1.69
/user/info 2.65
/create/order 1.17
/user/info 2.73
/user/info 1.49
/hello/user 0.95
/hello/user 1.96
/hello/user 0.21
/hello/user 2.50
/hello/user 0.63
/query/order/info 1.77
/service/pricing 2.94
/create/order 2.49
/service/pricing 0.98
/user/info 1.90
/hello/user 1.03
/service/pricing 0.10
/create/order 0.99
/query/order/info 1.10
/hello/user 2.91
/user/info 1.04
/create/order 1.11
/user/info 1.10
/user/info 1.32
/query/order/info 1.87
/create/order 0.63
/query/order/info 0.80
/service/pricing 0.32
/create/order 0.44
/create/order 0.69
/query/order/info 2.58
/query/order/info 2.38
/hello/user 2.77
/create/order 2.07
/service/pricing 1.19
/hello/user 1.81
/hello/user 2.71
/create/order 0.63
/query/order/info 0.56
/query/order/info 0.41
/user/info 2.52
/create/order 0.48
/service/pricing 0.67
/query/order/info 0.84
/hello/user 1.40
/service/pricing 2.43
/hello/user 2.15
/query/order/info 2.02
/create/order 0.49
/user/info 1.58
/hello/user 1.06
/service/pricing 0.52
/query/order/info 0.06
/hello/user 1.16
/hello/user 1.67
/hello/user 0.03
/create/order 1.13
/create/order 0.69
/user/info 0.77
/user/info 2.49
/hello/user 0.58
/create/order 1.04
/service/pricing 0.45
/user/info 2.31
/user/info 1.02
/user/info 1.15
/user/info 2.53
/hello/user 0.05
/create/order 0.18
/service/pricing 0.24
/user/info 0.97
/query/order/info 0.43
/create/order 2.51
/query/order/info 2.25
/user/info 2.80
/service/pricing 0.18
/hello/user 0.74
/user/info 1.97
/hello/user 2.29
/user/info 0.32
/query/order/info 1.83
/query/order/info 1.64
/hello/user 2.17
/query/order/info 0.66
/service/pricing 0.16
/service/pricing 2.96
/query/order/info 2.66
/create/order 2.96
/hello/user 1.31
/user/info 0.23
/user/info 2.12
/user/info 2.22
/hello/user 0.12
/create/order 2.41
/create/order 2.51
/query/order/info 2.46
/user/info 0.03
/user/info 2.69
/user/info 0.01
/query/order/info 1.70
/create/order 1.77
/hello/user 2.75
/hello/user 2.16
/user/info 0.46
/hello/user 2.27
/create/order 0.71
/hello/user 1.31
/service/pricing 1.74
/user/info 1.27
/create/order 1.79
/query/order/info 1.75
/query/order/info 1.50
/create/order 1.90
/create/order 1.16
/query/order/info 1.99
/user/info 2.61
/hello/user 0.13
/query/order/info 0.17
/query/order/info 2.61
/hello/user 2.70
/create/order 2.95
/user/info 2.99
/hello/user 1.18
/service/pricing 2.08
/service/pricing 1.91
/query/order/info 2.05
/hello/user 0.32
/hello/user 2.66
/service/pricing 2.77
/user/info 1.31
/hello/user 1.93
/user/info 2.98
/create/order 2.29
/hello/user 2.42
/hello/user 1.58
/user/info 0.91
/query/order/info 1.32
/create/order 0.13
/query/order/info 1.31
/create/order 1.33
/create/order 2.16
/user/info 2.47
/service/pricing 1.76
/hello/user 1.51
/service/pricing 0.90
/service/pricing 1.50
/create/order 1.36
/service/pricing 0.22
/hello/user 2.91
/create/order 2.86
/query/order/info 0.71
/hello/user 3.00
/query/order/info 1.34
/create/order 2.94
/service/pricing 1.69
/user/info 1.42
/service/pricing 0.70
/hello/user 0.57
/create/order 1.30
/hello/user 0.86
/create/order 2.45
/hello/user 1.87
/user/info 0.75
/hello/user 2.03
/hello/user 1.89
/create/order 1.78
/user/info 2.47
/query/order/info 2.24
/service/pricing 0.25
/service/pricing 0.63
/create/order 0.76
/service/pricing 2.22
/user/info 1.63
/user/info 0.46
/user/info 0.13
/service/pricing 1.90
/service/pricing 1.43
/service/pricing 0.25
/hello/user 0.70
/service/pricing 1.12
/service/pricing 0.41
/hello/user 2.11
/query/order/info 2.95
/user/info 2.25
/service/pricing 1.99
/hello/user 2.24
/hello/user 2.67
/hello/user 1.59
/create/order 0.96
/create/order 0.47
/hello/user 1.13
/hello/user 0.93
/create/order 1.57
/hello/user 0.77
/create/order 1.47
/create/order 1.62
/hello/user 0.52
/query/order/info 2.90
/service/pricing 0.00
/service/pricing 1.90
/query/order/info 2.30
/user/info 2.06
/create/order 1.74
/hello/user 1.57
/create/order 1.67
/hello/user 2.79
/create/order 0.86
/create/order 2.05
/service/pricing 0.24
/hello/user 0.92
/service/pricing 0.19
/query/order/info 2.87
/hello/user 1.76
/user/info 2.88
/service/pricing 1.48
/query/order/info 1.18
/service/pricing 2.42
/hello/user 1.03
/user/info 2.83
/service/pricing 0.58
/query/order/info 2.89
/user/info 0.53
/hello/user 0.46
/user/info 0.33
/hello/user 0.11
/user/info 2.51
/service/pricing 2.60
/service/pricing 2.19
/hello/user 2.93
/query/order/info 1.65
/query/order/info 0.69
/service/pricing 2.11
/query/order/info 2.14
/query/order/info 0.65
/create/order 1.49
/user/info 2.79
/hello/user 0.38
/query/order/info 0.49
/query/order/info 1.27
/user/info 2.07
/service/pricing 0.41
/create/order 1.96
/create/order 0.89
/service/pricing 0.53
/create/order 2.74
/service/pricing 2.84
/user/info 2.95
/service/pricing 2.16
/create/order 0.83
/create/order 1.07
/service/pricing 1.12
/create/order 2.20
/create/order 0.26
/user/info 1.92
/service/pricing 0.17
/service/pricing 1.05
/hello/user 0.28
/user/info 0.91
/query/order/info 2.02
/user/info 2.87
/hello/user 0.91
/user/info 1.77
/hello/user 1.84
/create/order 2.85
/query/order/info 2.67
/create/order 2.44
/create/order 2.64
/service/pricing 2.06
/user/info 2.10
/query/order/info 2.79
/create/order 1.30
/user/info 2.16
/create/order 0.94
/service/pricing 1.31
/service/pricing 0.23
/user/info 2.87
/hello/user 2.91
/hello/user 1.67
/hello/user 1.44
/user/info 2.71
/user/info 2.96
/hello/user 2.78
/create/order 0.57
/hello/user 1.41
/query/order/info 1.34
/query/order/info 0.92
/create/order 0.57
/create/order 2.63
/service/pricing 0.64
/create/order 2.18
/user/info 1.08
/service/pricing 2.29
/create/order 1.41
/create/order 0.91
/query/order/info 2.83
/hello/user 2.93
/query/order/info 1.53
/service/pricing 1.17
/user/info 2.38
/create/order 2.97
/hello/user 1.19
/user/info 1.80
/hello/user 0.45
/service/pricing 0.13
/user/info 1.00
/query/order/info 0.71
/query/order/info 2.12
/create/order 1.53
/query/order/info 1.01
/hello/user 0.73
/query/order/info 1.28
/create/order 0.87
/user/info 0.33
/create/order 1.30
/user/info 0.98
/user/info 1.59
/query/order/info 2.07
/user/info 0.45
/user/info 2.39
/service/pricing 0.53
/user/info 0.20
/service/pricing 2.47
/service/pricing 0.93
/create/order 1.39
/create/order 0.74
/query/order/info 1.25
/hello/user 1.55
/service/pricing 1.30
/create/order 0.16
/query/order/info 1.42
/user/info 1.04
/hello/user 0.50
/hello/user 1.46
/user/info 1.65
/service/pricing 2.84
/service/pricing 0.82
/create/order 0.52
/create/order 0.57
/hello/user 1.97
/user/info 0.50
/query/order/info 0.07
/user/info 0.26
/create/order 1.58
/user/info 0.08
/user/info 1.09
/service/pricing 0.43
/user/info 2.58
/query/order/info 2.16
/create/order 0.93
/hello/user 1.96
/query/order/info 1.61
/create/order 1.56
/user/info 1.92
/create/order 1.09
/query/order/info 0.93
/hello/user 2.49
/hello/user 2.09
/service/pricing 1.83
/create/order 0.69
/create/order 2.72
/query/order/info 2.43
/hello/user 2.67
/create/order 0.03
/hello/user 1.32
/query/order/info 0.52
/service/pricing 1.81
/service/pricing 1.97
/service/pricing 2.60
/service/pricing 0.93
/user/info 0.23
/hello/user 0.71
/hello/user 0.95
/hello/user 0.49
/user/info 2.71
/hello/user 2.38
/user/info 2.12
/service/pricing 1.13
/hello/user 0.37
/hello/user 0.70
/user/info 1.09
/hello/user 1.44
/hello/user 0.71
/hello/user 2.36
/create/order 2.42
/user/info 0.31
/hello/user 2.19
/user/info 2.75
/hello/user 2.13
/service/pricing 0.29
/hello/user 2.77
/hello/user 2.98
/user/info 2.73
/service/pricing 1.97
/user/info 0.45
/service/pricing 1.96
/hello/user 0.69
/create/order 0.41
/query/order/info 2.15
/create/order 0.29
/query/order/info 1.61
/service/pricing 0.22
/query/order/info 1.76
/create/order 0.80
/create/order 0.77
/user/info 1.11
/create/order 2.43
/service/pricing 1.34
/user/info 0.04
/user/info 2.66
/query/order/info 1.93
/user/info 1.93
/service/pricing 1.35
/hello/user 0.51
/query/order/info 1.43
/service/pricing 0.89
/query/order/info 0.08
/user/info 1.38
/service/pricing 0.54
/user/info 0.44
/user/info 1.22
/query/order/info 2.68
/user/info 0.05
/hello/user 0.72
/query/order/info 2.39
/create/order 2.19
/user/info 0.00
/service/pricing 0.36
/service/pricing 1.59
/service/pricing 2.80
/create/order 0.61
/create/order 1.91
/user/info 2.46
/user/info 2.83
/create/order 0.15
/query/order/info 0.56
/hello/user 1.38
/service/pricing 2.07
/create/order 2.61
/user/info 0.95
/service/pricing 0.18
/hello/user 2.15
/query/order/info 1.46
/create/order 0.66
/create/order 0.04
/service/pricing 0.75
/hello/user 2.49
/create/order 1.36
/query/order/info 1.15
/hello/user 0.54
/create/order 2.50
/service/pricing 0.87
/query/order/info 2.39
/service/pricing 0.47
/query/order/info 2.24
/create/order 0.05
/hello/user 2.78
/create/order 0.17
/service/pricing 1.94
/create/order 2.20
/create/order 1.92
/hello/user 0.03
/query/order/info 2.34
/hello/user 2.83
/query/order/info 0.74
/hello/user 2.25
/service/pricing 0.65
/service/pricing 1.48
/user/info 1.88
/hello/user 0.45
/query/order/info 1.98
/hello/user 0.89
/service/pricing 0.68
/hello/user 1.98
/query/order/info 2.35
/hello/user 2.55
/service/pricing 1.37
/create/order 1.94
/hello/user 1.44
/create/order 1.06
/hello/user 2.16
/create/order 2.65
/create/order 2.91
/service/pricing 0.06
/query/order/info 0.61
/service/pricing 0.39
/service/pricing 1.49
/create/order 2.57
/query/order/info 2.46
/hello/user 0.47
/query/order/info 2.06
/service/pricing 0.57
/create/order 2.86
/hello/user 2.77
/query/order/info 0.94
/service/pricing 0.83
/hello/user 1.13
/query/order/info 2.98
/service/pricing 0.61
/hello/user 0.07
/create/order 2.45
/query/order/info 1.93
/user/info 0.77
/query/order/info 0.90
/user/info 1.35
/user/info 0.24
/create/order 0.88
/hello/user 1.00
/create/order 0.54
/query/order/info 0.32
/user/info 1.30
/hello/user 2.89
/hello/user 1.01
/hello/user 0.70
/create/order 0.06
/query/order/info 1.26
/query/order/info 1.50
/user/info 2.44
/user/info 2.02
/query/order/info 0.52
/create/order 1.62
/create/order 0.13
/query/order/info 0.18
/service/pricing 1.14
/query/order/info 1.57
/query/order/info 0.88
/hello/user 0.24
/user/info 2.54
/create/order 2.59
/query/order/info 0.14
/user/info 0.23
/service/pricing 0.80
/service/pricing 0.17
/hello/user 2.48
/create/order 2.67
/create/order 1.73
/service/pricing 1.84
/service/pricing 0.02
/hello/user 0.33
/user/info 1.58
/service/pricing 2.47
/hello/user 2.35
/hello/user 1.10
/hello/user 1.66
/query/order/info 1.40
/create/order 1.29
/user/info 1.83
/user/info 2.75
/hello/user 2.30
/hello/user 2.68
/query/order/info 1.53
/create/order 1.91
/service/pricing 1.06
/hello/user 0.67
/query/order/info 1.53
/query/order/info 1.15
/create/order 2.17
/hello/user 2.10
/user/info 2.00
/user/info 2.63
/hello/user 0.43
/hello/user 0.03
/hello/user 0.31
/hello/user 0.43
/hello/user 0.52
/service/pricing 1.50
/service/pricing 1.28
/user/info 1.27
/hello/user 0.47
/hello/user 1.17
/user/info 0.91
/query/order/info 2.94
/service/pricing 0.76
/create/order 1.42
/query/order/info 1.28
/service/pricing 2.57
/hello/user 2.92
/query/order/info 0.82
/hello/user 2.42
/service/pricing 0.15
/user/info 1.21
/create/order 1.41
/create/order 1.91
/create/order 0.80
/user/info 0.26
/hello/user 2.48
/query/order/info 1.63
/query/order/info 0.87
/hello/user 2.71
/service/pricing 1.85
/hello/user 0.81
/hello/user 0.34
/create/order 2.61
/service/pricing 1.24
/user/info 0.63
/service/pricing 0.92
/user/info 2.94
/query/order/info 0.25
/create/order 2.60
/service/pricing 0.87
/query/order/info 1.66
/query/order/info 1.55
/hello/user 2.81
/create/order 1.20
/hello/user 1.43
/create/order 0.19
/create/order 1.82
/service/pricing 2.76
/hello/user 1.25
/service/pricing 0.08
/user/info 1.62
/service/pricing 0.66
/create/order 1.06
/hello/user 1.35
/service/pricing 2.45
/user/info 1.79
/query/order/info 2.74
/user/info 1.70
/query/order/info 1.26
/user/info 0.99
/service/pricing 1.10
/hello/user 2.98
/create/order 1.85
/create/order 1.43
/query/order/info 0.71
/create/order 1.08
/create/order 1.01
/query/order/info 0.43
/create/order 2.28
/hello/user 1.73
/create/order 0.19
/query/order/info 0.34
/query/order/info 2.88
/service/pricing 1.14
/user/info 0.64
/query/order/info 2.70
/user/info 0.82
/user/info 2.17
/hello/user 1.73
/service/pricing 0.86
/service/pricing 2.04
/create/order 0.12
/user/info 2.64
/query/order/info 1.62
/user/info 2.32
/user/info 2.25
/user/info 1.78
/create/order 2.28
/create/order 0.23
/hello/user 2.04
/query/order/info 1.32
/create/order 0.07
/user/info 0.06
/service/pricing 1.28
/query/order/info 0.52
/create/order 0.31
/service/pricing 2.65
/create/order 2.88
/query/order/info 2.73
/service/pricing 1.98
/query/order/info 2.29
/hello/user 0.35
/query/order/info 0.25
/hello/user 2.05
/query/order/info 2.53
/query/order/info 1.91
/service/pricing 0.30
/user/info 1.39
/create/order 2.64
/query/order/info 0.56
/query/order/info 0.28
/create/order 1.86
/hello/user 1.73
/hello/user 2.83
/query/order/info 0.66
/query/order/info 2.71
/hello/user 2.32
/user/info 2.77
/hello/user 1.46
/create/order 0.43
/hello/user 2.44
/service/pricing 2.76
/create/order 0.05
/user/info 2.94
/user/info 0.47
/query/order/info 1.98
/query/order/info 0.52
/service/pricing 0.61
/service/pricing 1.06
/query/order/info 1.28
/hello/user 1.29
/create/order 0.25
/create/order 2.11
/hello/user 0.37
/user/info 0.15
/service/pricing 1.78
/hello/user 0.41
/query/order/info 0.15
/hello/user 0.51
/query/order/info 2.42
/user/info 1.70
/user/info 1.73
/create/order 0.24
/service/pricing 0.19
/create/order 2.61
/service/pricing 1.72
/service/pricing 1.84
/create/order 0.31
/create/order 2.77
/hello/user 0.25
/user/info 1.41
/create/order 1.39
/hello/user 0.73
/hello/user 1.57
/create/order 2.53
/user/info 1.41
/query/order/info 0.36
/user/info 2.92
/hello/user 2.62
/hello/user 1.18
/service/pricing 0.78
/create/order 2.17
/user/info 1.96
/query/order/info 2.02
/create/order 0.66
/hello/user 2.73
/user/info 2.31
/user/info 0.14
/hello/user 0.89
/user/info 1.15
/user/info 1.72
/hello/user 0.90
/hello/user 2.59
/hello/user 0.43
/query/order/info 2.32
/query/order/info 2.47
/hello/user 1.89
/service/pricing 0.50
/query/order/info 1.94
/service/pricing 1.27
/service/pricing 2.81
/query/order/info 1.64
/service/pricing 2.53
/create/order 1.78
/service/pricing 1.23
/hello/user 0.41
/service/pricing 2.31
/service/pricing 1.53